{"timestamp": "2024-01-15T10:23:01.042000+00:00", "level": "INFO", "logger": "cli", "message": "Command dispatched: place"}
{"timestamp": "2024-01-15T10:23:01.043000+00:00", "level": "DEBUG", "logger": "bot.client", "message": "BinanceFuturesClient initialised", "base_url": "https://testnet.binancefuture.com"}
{"timestamp": "2024-01-15T10:23:01.044000+00:00", "level": "DEBUG", "logger": "bot.client", "message": "GET request", "url": "https://testnet.binancefuture.com/fapi/v1/ping", "params": {}}
{"timestamp": "2024-01-15T10:23:01.312000+00:00", "level": "DEBUG", "logger": "bot.client", "message": "API response received", "status_code": 200, "url": "https://testnet.binancefuture.com/fapi/v1/ping", "body": "{}"}
{"timestamp": "2024-01-15T10:23:01.313000+00:00", "level": "INFO", "logger": "bot.client", "message": "Exchange ping successful"}
{"timestamp": "2024-01-15T10:23:01.314000+00:00", "level": "INFO", "logger": "cli.place", "message": "Order request validated", "validated_params": {"symbol": "BTCUSDT", "side": "BUY", "order_type": "MARKET", "quantity": "0.001", "price": "None", "stop_price": "None"}}
{"timestamp": "2024-01-15T10:23:01.315000+00:00", "level": "INFO", "logger": "bot.orders", "message": "Placing BUY MARKET order", "order_params": {"symbol": "BTCUSDT", "side": "BUY", "type": "MARKET", "quantity": "0.001"}}
{"timestamp": "2024-01-15T10:23:01.316000+00:00", "level": "DEBUG", "logger": "bot.client", "message": "POST request", "url": "https://testnet.binancefuture.com/fapi/v1/order", "params": {"symbol": "BTCUSDT", "side": "BUY", "type": "MARKET", "quantity": "0.001", "timestamp": 1705314181316, "recvWindow": 5000}}
{"timestamp": "2024-01-15T10:23:01.589000+00:00", "level": "DEBUG", "logger": "bot.client", "message": "API response received", "status_code": 200, "url": "https://testnet.binancefuture.com/fapi/v1/order", "body": "{\"orderId\": 3281950148, \"symbol\": \"BTCUSDT\", \"status\": \"FILLED\", \"clientOrderId\": \"x-HNA2TXFP4b1b9c5e0f6a7d8e9f\", \"price\": \"0\", \"avgPrice\": \"42680.10\", \"origQty\": \"0.001\", \"executedQty\": \"0.001\", \"cumQty\": \"0.001\", \"cumQuote\": \"42.68010\", \"timeInForce\": \"GTC\", \"type\": \"MARKET\", \"reduceOnly\": false, \"closePosition\": false, \"side\": \"BUY\", \"positionSide\": \"BOTH\", \"stopPrice\": \"0\", \"workingType\": \"CONTRACT_PRICE\", \"priceProtect\": false, \"origType\": \"MARKET\", \"updateTime\": 1705314181589}"}
{"timestamp": "2024-01-15T10:23:01.590000+00:00", "level": "INFO", "logger": "bot.orders", "message": "Order placed successfully: id=3281950148 status=FILLED", "order_summary": {"orderId": 3281950148, "symbol": "BTCUSDT", "side": "BUY", "type": "MARKET", "status": "FILLED", "origQty": "0.001", "executedQty": "0.001", "avgPrice": "42680.10", "price": "0", "stopPrice": "0", "timeInForce": "GTC"}}
{"timestamp": "2024-01-15T10:25:44.001000+00:00", "level": "INFO", "logger": "cli", "message": "Command dispatched: place"}
{"timestamp": "2024-01-15T10:25:44.002000+00:00", "level": "DEBUG", "logger": "bot.client", "message": "BinanceFuturesClient initialised", "base_url": "https://testnet.binancefuture.com"}
{"timestamp": "2024-01-15T10:25:44.003000+00:00", "level": "DEBUG", "logger": "bot.client", "message": "GET request", "url": "https://testnet.binancefuture.com/fapi/v1/ping", "params": {}}
{"timestamp": "2024-01-15T10:25:44.201000+00:00", "level": "DEBUG", "logger": "bot.client", "message": "API response received", "status_code": 200, "url": "https://testnet.binancefuture.com/fapi/v1/ping", "body": "{}"}
{"timestamp": "2024-01-15T10:25:44.202000+00:00", "level": "INFO", "logger": "bot.client", "message": "Exchange ping successful"}
{"timestamp": "2024-01-15T10:25:44.203000+00:00", "level": "INFO", "logger": "cli.place", "message": "Order request validated", "validated_params": {"symbol": "ETHUSDT", "side": "SELL", "order_type": "LIMIT", "quantity": "0.01", "price": "3500", "stop_price": "None"}}
{"timestamp": "2024-01-15T10:25:44.204000+00:00", "level": "INFO", "logger": "bot.orders", "message": "Placing SELL LIMIT order", "order_params": {"symbol": "ETHUSDT", "side": "SELL", "type": "LIMIT", "quantity": "0.01", "price": "3500", "timeInForce": "GTC"}}
{"timestamp": "2024-01-15T10:25:44.205000+00:00", "level": "DEBUG", "logger": "bot.client", "message": "POST request", "url": "https://testnet.binancefuture.com/fapi/v1/order", "params": {"symbol": "ETHUSDT", "side": "SELL", "type": "LIMIT", "quantity": "0.01", "price": "3500", "timeInForce": "GTC", "timestamp": 1705314344205, "recvWindow": 5000}}
{"timestamp": "2024-01-15T10:25:44.489000+00:00", "level": "DEBUG", "logger": "bot.client", "message": "API response received", "status_code": 200, "url": "https://testnet.binancefuture.com/fapi/v1/order", "body": "{\"orderId\": 3281952711, \"symbol\": \"ETHUSDT\", \"status\": \"NEW\", \"clientOrderId\": \"x-HNA2TXFP4c2d3e4f5a6b7c8d9\", \"price\": \"3500\", \"avgPrice\": \"0.00000\", \"origQty\": \"0.01\", \"executedQty\": \"0\", \"cumQty\": \"0\", \"cumQuote\": \"0\", \"timeInForce\": \"GTC\", \"type\": \"LIMIT\", \"reduceOnly\": false, \"closePosition\": false, \"side\": \"SELL\", \"positionSide\": \"BOTH\", \"stopPrice\": \"0\", \"workingType\": \"CONTRACT_PRICE\", \"priceProtect\": false, \"origType\": \"LIMIT\", \"updateTime\": 1705314344489}"}
{"timestamp": "2024-01-15T10:25:44.490000+00:00", "level": "INFO", "logger": "bot.orders", "message": "Order placed successfully: id=3281952711 status=NEW", "order_summary": {"orderId": 3281952711, "symbol": "ETHUSDT", "side": "SELL", "type": "LIMIT", "status": "NEW", "origQty": "0.01", "executedQty": "0", "avgPrice": "0.00000", "price": "3500", "stopPrice": "0", "timeInForce": "GTC"}}
{"timestamp": "2024-01-15T10:27:12.001000+00:00", "level": "INFO", "logger": "cli", "message": "Command dispatched: place"}
{"timestamp": "2024-01-15T10:27:12.250000+00:00", "level": "INFO", "logger": "bot.client", "message": "Exchange ping successful"}
{"timestamp": "2024-01-15T10:27:12.251000+00:00", "level": "INFO", "logger": "cli.place", "message": "Order request validated", "validated_params": {"symbol": "BTCUSDT", "side": "BUY", "order_type": "STOP_LIMIT", "quantity": "0.001", "price": "68000", "stop_price": "67500"}}
{"timestamp": "2024-01-15T10:27:12.252000+00:00", "level": "INFO", "logger": "bot.orders", "message": "Placing BUY STOP_LIMIT order", "order_params": {"symbol": "BTCUSDT", "side": "BUY", "type": "STOP_LIMIT", "quantity": "0.001", "price": "68000", "stopPrice": "67500", "timeInForce": "GTC"}}
{"timestamp": "2024-01-15T10:27:12.701000+00:00", "level": "DEBUG", "logger": "bot.client", "message": "API response received", "status_code": 200, "url": "https://testnet.binancefuture.com/fapi/v1/order", "body": "{\"orderId\": 3281955001, \"symbol\": \"BTCUSDT\", \"status\": \"NEW\", \"price\": \"68000\", \"stopPrice\": \"67500\", \"origQty\": \"0.001\", \"executedQty\": \"0\", \"type\": \"STOP\", \"side\": \"BUY\", \"timeInForce\": \"GTC\", \"updateTime\": 1705314432701}"}
{"timestamp": "2024-01-15T10:27:12.702000+00:00", "level": "INFO", "logger": "bot.orders", "message": "Order placed successfully: id=3281955001 status=NEW", "order_summary": {"orderId": 3281955001, "symbol": "BTCUSDT", "side": "BUY", "type": "STOP", "status": "NEW", "origQty": "0.001", "executedQty": "0", "avgPrice": "0", "price": "68000", "stopPrice": "67500", "timeInForce": "GTC"}}
